[2026-02-16T18:15:09.688Z] AUTH FAILED: No token or Bearer header
[2026-02-16T18:15:09.781Z] AUTH FAILED: No token or Bearer header
[2026-02-16T18:15:11.926Z] AUTH FAILED: No token or Bearer header
[2026-02-16T18:17:06.572Z] AUTH SUCCESS: Role: admin | Path: /api/salons/get
[2026-02-16T18:17:06.581Z] AUTH SUCCESS: Role: admin | Path: /api/inventory?salonId=698e18ebd9924bc0f55ddf3d
[2026-02-16T18:17:06.590Z] AUTH SUCCESS: Role: admin | Path: /api/inventory/low-stock?salonId=698e18ebd9924bc0f55ddf3d
[2026-02-16T18:17:13.487Z] AUTH SUCCESS: Role: admin | Path: /api/salons/get
[2026-02-16T18:17:13.489Z] AUTH SUCCESS: Role: admin | Path: /api/inventory?salonId=698e18ebd9924bc0f55ddf3d
[2026-02-16T18:17:13.514Z] AUTH SUCCESS: Role: admin | Path: /api/inventory/low-stock?salonId=698e18ebd9924bc0f55ddf3d
[2026-02-16T18:17:23.506Z] AUTH SUCCESS: Role: admin | Path: /api/salons/get
[2026-02-16T18:17:23.508Z] AUTH SUCCESS: Role: admin | Path: /api/inventory?salonId=698e18ebd9924bc0f55ddf3d
[2026-02-16T18:17:23.587Z] AUTH SUCCESS: Role: admin | Path: /api/inventory/low-stock?salonId=698e18ebd9924bc0f55ddf3d
[2026-02-16T18:18:14.002Z] AUTH SUCCESS: Role: admin | Path: /api/inventory
[2026-02-16T18:18:16.942Z] AUTH SUCCESS: Role: admin | Path: /api/inventory
[2026-02-16T18:18:18.815Z] AUTH SUCCESS: Role: admin | Path: /api/inventory
[2026-02-16T18:18:19.086Z] AUTH SUCCESS: Role: admin | Path: /api/inventory
[2026-02-16T18:20:21.912Z] AUTH SUCCESS: Role: admin | Path: /api/salons/get
[2026-02-16T18:24:11.556Z] AUTH SUCCESS: Role: admin | Path: /api/inventory?salonId=698e18ebd9924bc0f55ddf3d
[2026-02-16T18:24:11.645Z] AUTH SUCCESS: Role: admin | Path: /api/inventory/low-stock?salonId=698e18ebd9924bc0f55ddf3d
[2026-02-16T18:24:46.965Z] AUTH SUCCESS: Role: admin | Path: /api/salons/get
[2026-02-16T18:24:46.967Z] AUTH SUCCESS: Role: admin | Path: /api/inventory?salonId=698e18ebd9924bc0f55ddf3d
[2026-02-16T18:24:46.970Z] AUTH SUCCESS: Role: admin | Path: /api/inventory/low-stock?salonId=698e18ebd9924bc0f55ddf3d
[2026-02-16T18:24:46.989Z] AUTH SUCCESS: Role: admin | Path: /api/inventory?salonId=698e18ebd9924bc0f55ddf3d
[2026-02-16T18:24:46.993Z] AUTH SUCCESS: Role: admin | Path: /api/salons/get
[2026-02-16T18:24:46.995Z] AUTH SUCCESS: Role: admin | Path: /api/inventory/low-stock?salonId=698e18ebd9924bc0f55ddf3d
[2026-02-16T18:25:06.903Z] AUTH SUCCESS: Role: admin | Path: /api/inventory/699360c0b38049a126b8b76f
[2026-02-16T18:25:06.926Z] AUTH SUCCESS: Role: admin | Path: /api/inventory?salonId=698e18ebd9924bc0f55ddf3d
[2026-02-16T18:25:06.928Z] AUTH SUCCESS: Role: admin | Path: /api/inventory/low-stock?salonId=698e18ebd9924bc0f55ddf3d
[2026-02-16T18:25:19.058Z] AUTH SUCCESS: Role: admin | Path: /api/inventory/699360c0b38049a126b8b770
[2026-02-16T18:25:19.076Z] AUTH SUCCESS: Role: admin | Path: /api/inventory?salonId=698e18ebd9924bc0f55ddf3d
[2026-02-16T18:25:19.077Z] AUTH SUCCESS: Role: admin | Path: /api/inventory/low-stock?salonId=698e18ebd9924bc0f55ddf3d
[2026-02-16T18:25:27.137Z] AUTH SUCCESS: Role: admin | Path: /api/inventory/699360c0b38049a126b8b771
[2026-02-16T18:25:27.154Z] AUTH SUCCESS: Role: admin | Path: /api/inventory?salonId=698e18ebd9924bc0f55ddf3d
[2026-02-16T18:25:27.156Z] AUTH SUCCESS: Role: admin | Path: /api/inventory/low-stock?salonId=698e18ebd9924bc0f55ddf3d
[2026-02-16T18:25:35.153Z] AUTH SUCCESS: Role: admin | Path: /api/inventory/699360c0b38049a126b8b772
[2026-02-16T18:25:35.170Z] AUTH SUCCESS: Role: admin | Path: /api/inventory?salonId=698e18ebd9924bc0f55ddf3d
[2026-02-16T18:25:35.171Z] AUTH SUCCESS: Role: admin | Path: /api/inventory/low-stock?salonId=698e18ebd9924bc0f55ddf3d
[2026-02-16T18:25:40.968Z] AUTH SUCCESS: Role: admin | Path: /api/inventory/699360c0b38049a126b8b76e
[2026-02-16T18:25:40.985Z] AUTH SUCCESS: Role: admin | Path: /api/inventory?salonId=698e18ebd9924bc0f55ddf3d
[2026-02-16T18:25:40.986Z] AUTH SUCCESS: Role: admin | Path: /api/inventory/low-stock?salonId=698e18ebd9924bc0f55ddf3d
[2026-02-16T18:25:48.974Z] AUTH SUCCESS: Role: admin | Path: /api/inventory?salonId=698e18ecd9924bc0f55ddf63
[2026-02-16T18:25:48.977Z] AUTH SUCCESS: Role: admin | Path: /api/inventory/low-stock?salonId=698e18ecd9924bc0f55ddf63
[2026-02-16T18:25:48.983Z] AUTH SUCCESS: Role: admin | Path: /api/inventory?salonId=698e18ecd9924bc0f55ddf63
[2026-02-16T18:25:48.986Z] AUTH SUCCESS: Role: admin | Path: /api/inventory/low-stock?salonId=698e18ecd9924bc0f55ddf63
[2026-02-16T18:25:51.604Z] AUTH SUCCESS: Role: admin | Path: /api/inventory?salonId=698e18ebd9924bc0f55ddf3d
[2026-02-16T18:25:51.606Z] AUTH SUCCESS: Role: admin | Path: /api/inventory/low-stock?salonId=698e18ebd9924bc0f55ddf3d
[2026-02-16T18:25:51.613Z] AUTH SUCCESS: Role: admin | Path: /api/inventory?salonId=698e18ebd9924bc0f55ddf3d
[2026-02-16T18:25:51.614Z] AUTH SUCCESS: Role: admin | Path: /api/inventory/low-stock?salonId=698e18ebd9924bc0f55ddf3d
[2026-02-16T18:25:53.221Z] AUTH SUCCESS: Role: admin | Path: /api/inventory?salonId=698e18ecd9924bc0f55ddf63
[2026-02-16T18:25:53.226Z] AUTH SUCCESS: Role: admin | Path: /api/inventory/low-stock?salonId=698e18ecd9924bc0f55ddf63
[2026-02-16T18:25:53.230Z] AUTH SUCCESS: Role: admin | Path: /api/inventory?salonId=698e18ecd9924bc0f55ddf63
[2026-02-16T18:25:53.233Z] AUTH SUCCESS: Role: admin | Path: /api/inventory/low-stock?salonId=698e18ecd9924bc0f55ddf63
[2026-02-16T18:25:56.350Z] AUTH SUCCESS: Role: admin | Path: /api/inventory?salonId=698e18ebd9924bc0f55ddf3d
[2026-02-16T18:25:56.357Z] AUTH SUCCESS: Role: admin | Path: /api/inventory/low-stock?salonId=698e18ebd9924bc0f55ddf3d
[2026-02-16T18:25:56.361Z] AUTH SUCCESS: Role: admin | Path: /api/inventory?salonId=698e18ebd9924bc0f55ddf3d
[2026-02-16T18:25:56.364Z] AUTH SUCCESS: Role: admin | Path: /api/inventory/low-stock?salonId=698e18ebd9924bc0f55ddf3d
[2026-02-16T18:27:45.552Z] AUTH SUCCESS: Role: admin | Path: /api/inventory?salonId=698e18ebd9924bc0f55ddf3d
[2026-02-16T18:27:45.630Z] AUTH SUCCESS: Role: admin | Path: /api/inventory/low-stock?salonId=698e18ebd9924bc0f55ddf3d
[2026-02-16T18:27:45.681Z] AUTH SUCCESS: Role: admin | Path: /api/inventory?salonId=698e18ecd9924bc0f55ddf63
[2026-02-16T18:27:45.709Z] AUTH SUCCESS: Role: admin | Path: /api/inventory/low-stock?salonId=698e18ecd9924bc0f55ddf63
[2026-02-16T18:28:07.121Z] AUTH SUCCESS: Role: admin | Path: /api/inventory?salonId=698e18ecd9924bc0f55ddf63
[2026-02-16T18:28:07.123Z] AUTH SUCCESS: Role: admin | Path: /api/inventory/low-stock?salonId=698e18ecd9924bc0f55ddf63
[2026-02-16T18:28:07.129Z] AUTH SUCCESS: Role: admin | Path: /api/inventory?salonId=698e18ecd9924bc0f55ddf63
[2026-02-16T18:28:07.132Z] AUTH SUCCESS: Role: admin | Path: /api/inventory/low-stock?salonId=698e18ecd9924bc0f55ddf63
[2026-02-16T18:28:15.552Z] AUTH SUCCESS: Role: admin | Path: /api/inventory/69936197e9c73c0eae887cb9
[2026-02-16T18:28:15.568Z] AUTH SUCCESS: Role: admin | Path: /api/inventory?salonId=698e18ecd9924bc0f55ddf63
[2026-02-16T18:28:15.569Z] AUTH SUCCESS: Role: admin | Path: /api/inventory/low-stock?salonId=698e18ecd9924bc0f55ddf63
[2026-02-16T18:28:22.936Z] AUTH SUCCESS: Role: admin | Path: /api/inventory/69936197e9c73c0eae887cba
[2026-02-16T18:28:22.952Z] AUTH SUCCESS: Role: admin | Path: /api/inventory?salonId=698e18ecd9924bc0f55ddf63
[2026-02-16T18:28:22.953Z] AUTH SUCCESS: Role: admin | Path: /api/inventory/low-stock?salonId=698e18ecd9924bc0f55ddf63
[2026-02-16T18:28:28.735Z] AUTH SUCCESS: Role: admin | Path: /api/inventory/69936197e9c73c0eae887cbb
[2026-02-16T18:28:28.751Z] AUTH SUCCESS: Role: admin | Path: /api/inventory?salonId=698e18ecd9924bc0f55ddf63
[2026-02-16T18:28:28.753Z] AUTH SUCCESS: Role: admin | Path: /api/inventory/low-stock?salonId=698e18ecd9924bc0f55ddf63
[2026-02-16T18:28:44.975Z] AUTH SUCCESS: Role: admin | Path: /api/inventory/69936197e9c73c0eae887cbc
[2026-02-16T18:28:44.993Z] AUTH SUCCESS: Role: admin | Path: /api/inventory?salonId=698e18ecd9924bc0f55ddf63
[2026-02-16T18:28:44.994Z] AUTH SUCCESS: Role: admin | Path: /api/inventory/low-stock?salonId=698e18ecd9924bc0f55ddf63
[2026-02-16T18:28:49.583Z] AUTH SUCCESS: Role: admin | Path: /api/inventory/69936197e9c73c0eae887cbd
[2026-02-16T18:28:49.599Z] AUTH SUCCESS: Role: admin | Path: /api/inventory?salonId=698e18ecd9924bc0f55ddf63
[2026-02-16T18:28:49.600Z] AUTH SUCCESS: Role: admin | Path: /api/inventory/low-stock?salonId=698e18ecd9924bc0f55ddf63
[2026-02-16T18:28:55.718Z] AUTH SUCCESS: Role: admin | Path: /api/inventory?salonId=698e18ebd9924bc0f55ddf3d
[2026-02-16T18:28:55.720Z] AUTH SUCCESS: Role: admin | Path: /api/inventory/low-stock?salonId=698e18ebd9924bc0f55ddf3d
[2026-02-16T18:28:55.727Z] AUTH SUCCESS: Role: admin | Path: /api/inventory?salonId=698e18ebd9924bc0f55ddf3d
[2026-02-16T18:28:55.729Z] AUTH SUCCESS: Role: admin | Path: /api/inventory/low-stock?salonId=698e18ebd9924bc0f55ddf3d
[2026-02-16T18:29:14.631Z] AUTH SUCCESS: Role: admin | Path: /api/appointments
[2026-02-16T18:29:14.653Z] AUTH SUCCESS: Role: admin | Path: /api/appointments
[2026-02-16T18:29:23.099Z] AUTH SUCCESS: Role: admin | Path: /api/appointments?salonId=698e18ebd9924bc0f55ddf3d
[2026-02-16T18:29:23.100Z] AUTH SUCCESS: Role: admin | Path: /api/services?salonId=698e18ebd9924bc0f55ddf3d
[2026-02-16T18:29:23.113Z] AUTH SUCCESS: Role: admin | Path: /api/appointments?salonId=698e18ebd9924bc0f55ddf3d
[2026-02-16T18:29:23.157Z] AUTH SUCCESS: Role: admin | Path: /api/services?salonId=698e18ebd9924bc0f55ddf3d
[2026-02-16T18:29:34.714Z] AUTH SUCCESS: Role: admin | Path: /api/inventory?salonId=698e18ebd9924bc0f55ddf3d
[2026-02-16T18:29:34.717Z] AUTH SUCCESS: Role: admin | Path: /api/inventory/low-stock?salonId=698e18ebd9924bc0f55ddf3d
[2026-02-16T18:29:34.724Z] AUTH SUCCESS: Role: admin | Path: /api/inventory?salonId=698e18ebd9924bc0f55ddf3d
[2026-02-16T18:29:34.726Z] AUTH SUCCESS: Role: admin | Path: /api/inventory/low-stock?salonId=698e18ebd9924bc0f55ddf3d
[2026-02-16T18:37:16.117Z] AUTH SUCCESS: Role: admin | Path: /api/inventory/69936197e9c73c0eae887cb3
[2026-02-16T18:37:16.184Z] AUTH SUCCESS: Role: admin | Path: /api/inventory?salonId=698e18ebd9924bc0f55ddf3d
[2026-02-16T18:37:16.185Z] AUTH SUCCESS: Role: admin | Path: /api/inventory/low-stock?salonId=698e18ebd9924bc0f55ddf3d
[2026-02-16T18:37:20.166Z] AUTH SUCCESS: Role: admin | Path: /api/inventory/69936197e9c73c0eae887cb4
[2026-02-16T18:37:20.187Z] AUTH SUCCESS: Role: admin | Path: /api/inventory?salonId=698e18ebd9924bc0f55ddf3d
[2026-02-16T18:37:20.188Z] AUTH SUCCESS: Role: admin | Path: /api/inventory/low-stock?salonId=698e18ebd9924bc0f55ddf3d
[2026-02-16T18:37:22.215Z] AUTH SUCCESS: Role: admin | Path: /api/inventory/69936197e9c73c0eae887cb5
[2026-02-16T18:37:22.230Z] AUTH SUCCESS: Role: admin | Path: /api/inventory?salonId=698e18ebd9924bc0f55ddf3d
[2026-02-16T18:37:22.231Z] AUTH SUCCESS: Role: admin | Path: /api/inventory/low-stock?salonId=698e18ebd9924bc0f55ddf3d
[2026-02-16T18:37:24.727Z] AUTH SUCCESS: Role: admin | Path: /api/inventory/69936197e9c73c0eae887cb6
[2026-02-16T18:37:24.743Z] AUTH SUCCESS: Role: admin | Path: /api/inventory?salonId=698e18ebd9924bc0f55ddf3d
[2026-02-16T18:37:24.744Z] AUTH SUCCESS: Role: admin | Path: /api/inventory/low-stock?salonId=698e18ebd9924bc0f55ddf3d
[2026-02-16T18:37:28.431Z] AUTH SUCCESS: Role: admin | Path: /api/inventory/69936197e9c73c0eae887cb2
[2026-02-16T18:37:28.450Z] AUTH SUCCESS: Role: admin | Path: /api/inventory?salonId=698e18ebd9924bc0f55ddf3d
[2026-02-16T18:37:28.451Z] AUTH SUCCESS: Role: admin | Path: /api/inventory/low-stock?salonId=698e18ebd9924bc0f55ddf3d
[2026-02-16T18:37:44.803Z] AUTH SUCCESS: Role: admin | Path: /api/salons/get
[2026-02-16T18:37:44.809Z] AUTH SUCCESS: Role: admin | Path: /api/inventory?salonId=698e18ebd9924bc0f55ddf3d
[2026-02-16T18:37:44.811Z] AUTH SUCCESS: Role: admin | Path: /api/inventory/low-stock?salonId=698e18ebd9924bc0f55ddf3d
[2026-02-16T18:37:44.813Z] AUTH SUCCESS: Role: admin | Path: /api/salons/get
[2026-02-16T18:37:44.817Z] AUTH SUCCESS: Role: admin | Path: /api/inventory?salonId=698e18ebd9924bc0f55ddf3d
[2026-02-16T18:37:44.837Z] AUTH SUCCESS: Role: admin | Path: /api/inventory/low-stock?salonId=698e18ebd9924bc0f55ddf3d
[2026-02-16T18:42:43.849Z] AUTH SUCCESS: Role: admin | Path: /api/inventory?salonId=698e18ecd9924bc0f55ddf63
[2026-02-16T18:42:43.868Z] AUTH SUCCESS: Role: admin | Path: /api/inventory/low-stock?salonId=698e18ecd9924bc0f55ddf63
[2026-02-16T18:42:43.880Z] AUTH SUCCESS: Role: admin | Path: /api/inventory?salonId=698e18ecd9924bc0f55ddf63
[2026-02-16T18:42:43.881Z] AUTH SUCCESS: Role: admin | Path: /api/inventory/low-stock?salonId=698e18ecd9924bc0f55ddf63
[2026-02-16T18:42:51.200Z] AUTH SUCCESS: Role: admin | Path: /api/salons/get
[2026-02-16T18:42:51.204Z] AUTH SUCCESS: Role: admin | Path: /api/inventory?salonId=698e18ecd9924bc0f55ddf63
[2026-02-16T18:42:51.209Z] AUTH SUCCESS: Role: admin | Path: /api/inventory/low-stock?salonId=698e18ecd9924bc0f55ddf63
[2026-02-16T18:42:51.218Z] AUTH SUCCESS: Role: admin | Path: /api/salons/get
[2026-02-16T18:42:51.221Z] AUTH SUCCESS: Role: admin | Path: /api/inventory?salonId=698e18ecd9924bc0f55ddf63
[2026-02-16T18:42:51.224Z] AUTH SUCCESS: Role: admin | Path: /api/inventory/low-stock?salonId=698e18ecd9924bc0f55ddf63
[2026-02-17T08:32:01.806Z] AUTH SUCCESS: Role: admin | Path: /api/salons/get
[2026-02-17T08:32:02.053Z] AUTH SUCCESS: Role: admin | Path: /api/salons/get
[2026-02-17T08:33:23.805Z] AUTH SUCCESS: Role: admin | Path: /api/expenses/summary?salonId=698e18ecd9924bc0f55ddf63
[2026-02-17T08:33:23.829Z] AUTH SUCCESS: Role: admin | Path: /api/expenses?salonId=698e18ecd9924bc0f55ddf63
[2026-02-17T08:33:23.861Z] AUTH SUCCESS: Role: admin | Path: /api/expenses/summary?salonId=698e18ecd9924bc0f55ddf63
[2026-02-17T08:33:23.863Z] AUTH SUCCESS: Role: admin | Path: /api/expenses?salonId=698e18ecd9924bc0f55ddf63
[2026-02-17T08:33:46.150Z] AUTH SUCCESS: Role: admin | Path: /api/categories?salonId=698e18ecd9924bc0f55ddf63
[2026-02-17T08:33:46.152Z] AUTH SUCCESS: Role: admin | Path: /api/staff?salonId=698e18ecd9924bc0f55ddf63
[2026-02-17T08:33:46.158Z] AUTH SUCCESS: Role: admin | Path: /api/categories?salonId=698e18ecd9924bc0f55ddf63
[2026-02-17T08:33:46.167Z] AUTH SUCCESS: Role: admin | Path: /api/services?salonId=698e18ecd9924bc0f55ddf63
[2026-02-17T08:33:46.172Z] AUTH SUCCESS: Role: admin | Path: /api/staff?salonId=698e18ecd9924bc0f55ddf63
[2026-02-17T08:33:46.183Z] AUTH SUCCESS: Role: admin | Path: /api/services?salonId=698e18ecd9924bc0f55ddf63
[2026-02-17T08:33:49.844Z] AUTH SUCCESS: Role: admin | Path: /api/appointments
[2026-02-17T08:33:49.861Z] AUTH SUCCESS: Role: admin | Path: /api/appointments
[2026-02-17T08:33:57.140Z] AUTH SUCCESS: Role: admin | Path: /api/attendance?date=2026-02-17&salonId=698e18ecd9924bc0f55ddf63
[2026-02-17T08:33:57.185Z] AUTH SUCCESS: Role: admin | Path: /api/attendance?date=2026-02-17&salonId=698e18ecd9924bc0f55ddf63
[2026-02-17T08:35:18.254Z] AUTH SUCCESS: Role: admin | Path: /api/attendance?date=2026-02-17&salonId=698e18ecd9924bc0f55ddf63
[2026-02-17T08:35:18.271Z] AUTH SUCCESS: Role: admin | Path: /api/attendance?date=2026-02-17&salonId=698e18ecd9924bc0f55ddf63
[2026-02-17T08:35:32.223Z] AUTH SUCCESS: Role: admin | Path: /api/attendance?date=2026-02-17&salonId=698e18ecd9924bc0f55ddf63
[2026-02-17T08:35:32.229Z] AUTH SUCCESS: Role: admin | Path: /api/attendance?date=2026-02-17&salonId=698e18ecd9924bc0f55ddf63
[2026-02-17T08:38:17.031Z] AUTH SUCCESS: Role: admin | Path: /api/attendance?date=2026-02-12&salonId=698e18ecd9924bc0f55ddf63
[2026-02-17T08:38:22.947Z] AUTH SUCCESS: Role: admin | Path: /api/attendance?date=2026-02-10&salonId=698e18ecd9924bc0f55ddf63
[2026-02-17T08:38:26.728Z] AUTH SUCCESS: Role: admin | Path: /api/attendance?date=2026-02-13&salonId=698e18ecd9924bc0f55ddf63
[2026-02-17T08:38:30.013Z] AUTH SUCCESS: Role: admin | Path: /api/attendance?date=2026-02-14&salonId=698e18ecd9924bc0f55ddf63
[2026-02-17T08:38:34.899Z] AUTH SUCCESS: Role: admin | Path: /api/attendance?date=2026-02-15&salonId=698e18ecd9924bc0f55ddf63
[2026-02-17T08:38:40.522Z] AUTH SUCCESS: Role: admin | Path: /api/attendance?date=2026-02-12&salonId=698e18ecd9924bc0f55ddf63
[2026-02-17T08:38:44.791Z] AUTH SUCCESS: Role: admin | Path: /api/attendance?date=2026-02-17&salonId=698e18ebd9924bc0f55ddf3d
[2026-02-17T08:38:44.799Z] AUTH SUCCESS: Role: admin | Path: /api/attendance?date=2026-02-17&salonId=698e18ebd9924bc0f55ddf3d
[2026-02-17T08:38:47.914Z] AUTH SUCCESS: Role: admin | Path: /api/attendance?date=2026-02-12&salonId=698e18ebd9924bc0f55ddf3d
[2026-02-17T09:34:19.221Z] AUTH SUCCESS: Role: admin | Path: /api/attendance?date=2026-02-17&salonId=698e18ebd9924bc0f55ddf3d
[2026-02-17T09:34:19.251Z] AUTH SUCCESS: Role: admin | Path: /api/attendance?date=2026-02-17&salonId=698e18ebd9924bc0f55ddf3d
[2026-02-17T09:35:23.683Z] AUTH SUCCESS: Role: admin | Path: /api/attendance?date=2026-02-17&salonId=698e18ebd9924bc0f55ddf3d
[2026-02-17T09:35:23.700Z] AUTH SUCCESS: Role: admin | Path: /api/attendance?date=2026-02-17&salonId=698e18ebd9924bc0f55ddf3d
[2026-02-17T09:36:04.857Z] AUTH SUCCESS: Role: admin | Path: /api/salons/get
[2026-02-17T09:36:04.864Z] AUTH SUCCESS: Role: admin | Path: /api/attendance?date=2026-02-17&salonId=698e18ebd9924bc0f55ddf3d
[2026-02-17T09:36:04.872Z] AUTH SUCCESS: Role: admin | Path: /api/salons/get
[2026-02-17T09:36:04.874Z] AUTH SUCCESS: Role: admin | Path: /api/attendance?date=2026-02-17&salonId=698e18ebd9924bc0f55ddf3d
[2026-02-17T09:36:08.726Z] AUTH SUCCESS: Role: admin | Path: /api/categories?salonId=698e18ebd9924bc0f55ddf3d
[2026-02-17T09:36:08.744Z] AUTH SUCCESS: Role: admin | Path: /api/services?salonId=698e18ebd9924bc0f55ddf3d
[2026-02-17T09:36:08.746Z] AUTH SUCCESS: Role: admin | Path: /api/staff?salonId=698e18ebd9924bc0f55ddf3d
[2026-02-17T09:36:08.755Z] AUTH SUCCESS: Role: admin | Path: /api/categories?salonId=698e18ebd9924bc0f55ddf3d
[2026-02-17T09:36:08.793Z] AUTH SUCCESS: Role: admin | Path: /api/services?salonId=698e18ebd9924bc0f55ddf3d
[2026-02-17T09:36:08.795Z] AUTH SUCCESS: Role: admin | Path: /api/staff?salonId=698e18ebd9924bc0f55ddf3d
[2026-02-17T09:36:12.285Z] AUTH SUCCESS: Role: admin | Path: /api/salons/get
[2026-02-17T09:36:12.287Z] AUTH SUCCESS: Role: admin | Path: /api/categories?salonId=698e18ebd9924bc0f55ddf3d
[2026-02-17T09:36:12.296Z] AUTH SUCCESS: Role: admin | Path: /api/services?salonId=698e18ebd9924bc0f55ddf3d
[2026-02-17T09:36:12.298Z] AUTH SUCCESS: Role: admin | Path: /api/staff?salonId=698e18ebd9924bc0f55ddf3d
[2026-02-17T09:36:12.306Z] AUTH SUCCESS: Role: admin | Path: /api/salons/get
[2026-02-17T09:36:12.308Z] AUTH SUCCESS: Role: admin | Path: /api/categories?salonId=698e18ebd9924bc0f55ddf3d
[2026-02-17T09:36:12.320Z] AUTH SUCCESS: Role: admin | Path: /api/services?salonId=698e18ebd9924bc0f55ddf3d
[2026-02-17T09:36:12.321Z] AUTH SUCCESS: Role: admin | Path: /api/staff?salonId=698e18ebd9924bc0f55ddf3d
[2026-02-17T09:39:16.547Z] AUTH SUCCESS: Role: admin | Path: /api/salons/get
[2026-02-17T09:39:25.615Z] AUTH SUCCESS: Role: admin | Path: /api/salons/get
[2026-02-17T09:39:25.623Z] AUTH SUCCESS: Role: admin | Path: /api/salons/get
[2026-02-17T09:39:28.589Z] AUTH SUCCESS: Role: admin | Path: /api/appointments
[2026-02-17T09:39:28.597Z] AUTH SUCCESS: Role: admin | Path: /api/appointments
[2026-02-17T09:39:31.754Z] AUTH SUCCESS: Role: admin | Path: /api/appointments
[2026-02-17T09:39:31.760Z] AUTH SUCCESS: Role: admin | Path: /api/appointments
[2026-02-17T09:40:21.546Z] AUTH SUCCESS: Role: admin | Path: /api/adminProfile/profile
[2026-02-17T09:40:21.553Z] AUTH SUCCESS: Role: admin | Path: /api/adminProfile/profile
[2026-02-17T09:40:25.461Z] AUTH SUCCESS: Role: admin | Path: /api/salons/get
[2026-02-17T09:40:25.469Z] AUTH SUCCESS: Role: admin | Path: /api/salons/get
[2026-02-17T09:40:25.489Z] AUTH SUCCESS: Role: admin | Path: /api/plans/selection
[2026-02-17T09:40:25.574Z] AUTH SUCCESS: Role: admin | Path: /api/plans/selection
[2026-02-17T09:40:33.571Z] AUTH SUCCESS: Role: admin | Path: /api/appointments
[2026-02-17T09:40:33.577Z] AUTH SUCCESS: Role: admin | Path: /api/appointments
[2026-02-17T09:40:35.263Z] AUTH SUCCESS: Role: admin | Path: /api/appointments
[2026-02-17T09:40:35.269Z] AUTH SUCCESS: Role: admin | Path: /api/appointments
[2026-02-17T09:40:44.042Z] AUTH SUCCESS: Role: admin | Path: /api/salons/get
[2026-02-17T09:40:44.045Z] AUTH SUCCESS: Role: admin | Path: /api/plans/selection
[2026-02-17T09:40:44.049Z] AUTH SUCCESS: Role: admin | Path: /api/salons/get
[2026-02-17T09:40:44.058Z] AUTH SUCCESS: Role: admin | Path: /api/plans/selection
[2026-02-17T09:40:47.067Z] AUTH SUCCESS: Role: admin | Path: /api/salons/get
[2026-02-17T09:40:47.086Z] AUTH SUCCESS: Role: admin | Path: /api/plans/selection
[2026-02-17T09:40:47.087Z] AUTH SUCCESS: Role: admin | Path: /api/salons/get
[2026-02-17T09:40:47.088Z] AUTH SUCCESS: Role: admin | Path: /api/plans
[2026-02-17T09:40:47.094Z] AUTH SUCCESS: Role: admin | Path: /api/plans
[2026-02-17T09:40:47.097Z] AUTH SUCCESS: Role: admin | Path: /api/plans/selection
[2026-02-17T09:41:20.454Z] AUTH SUCCESS: Role: admin | Path: /api/salons/get
[2026-02-17T09:41:20.456Z] AUTH SUCCESS: Role: admin | Path: /api/plans/selection
[2026-02-17T09:41:20.462Z] AUTH SUCCESS: Role: admin | Path: /api/salons/get
[2026-02-17T09:41:20.470Z] AUTH SUCCESS: Role: admin | Path: /api/plans/selection
[2026-02-17T09:45:46.823Z] AUTH SUCCESS: Role: admin | Path: /api/salons/get
[2026-02-17T09:45:47.005Z] AUTH SUCCESS: Role: admin | Path: /api/salons/get
[2026-02-17T09:45:56.622Z] AUTH SUCCESS: Role: admin | Path: /api/salons/get
[2026-02-17T09:45:56.632Z] AUTH SUCCESS: Role: admin | Path: /api/salons/get
[2026-02-17T09:50:43.974Z] AUTH SUCCESS: Role: admin | Path: /api/salons/get
[2026-02-17T09:53:10.713Z] AUTH SUCCESS: Role: admin | Path: /api/salons/get
[2026-02-17T09:53:10.737Z] AUTH SUCCESS: Role: admin | Path: /api/salons/get
[2026-02-17T09:53:11.986Z] AUTH SUCCESS: Role: admin | Path: /api/salons/get
[2026-02-17T09:53:11.988Z] AUTH SUCCESS: Role: admin | Path: /api/plans/selection
[2026-02-17T09:53:11.992Z] AUTH SUCCESS: Role: admin | Path: /api/salons/get
[2026-02-17T09:53:12.001Z] AUTH SUCCESS: Role: admin | Path: /api/plans/selection
[2026-02-17T09:53:17.029Z] AUTH SUCCESS: Role: admin | Path: /api/salons/get
[2026-02-17T09:53:17.031Z] AUTH SUCCESS: Role: admin | Path: /api/plans
[2026-02-17T09:53:17.032Z] AUTH SUCCESS: Role: admin | Path: /api/plans/selection
[2026-02-17T09:53:17.037Z] AUTH SUCCESS: Role: admin | Path: /api/salons/get
[2026-02-17T09:53:17.040Z] AUTH SUCCESS: Role: admin | Path: /api/plans
[2026-02-17T09:53:17.046Z] AUTH SUCCESS: Role: admin | Path: /api/plans/selection
[2026-02-17T09:54:57.288Z] AUTH SUCCESS: Role: admin | Path: /api/salons/get
[2026-02-17T09:54:57.289Z] AUTH SUCCESS: Role: admin | Path: /api/plans/selection
[2026-02-17T09:54:57.296Z] AUTH SUCCESS: Role: admin | Path: /api/salons/get
[2026-02-17T09:54:57.302Z] AUTH SUCCESS: Role: admin | Path: /api/plans/selection
[2026-02-17T09:55:30.983Z] AUTH SUCCESS: Role: admin | Path: /api/appointments
[2026-02-17T09:55:30.993Z] AUTH SUCCESS: Role: admin | Path: /api/appointments
[2026-02-17T09:55:36.279Z] AUTH SUCCESS: Role: admin | Path: /api/salons/get
[2026-02-17T09:55:36.281Z] AUTH SUCCESS: Role: admin | Path: /api/plans
[2026-02-17T09:55:36.282Z] AUTH SUCCESS: Role: admin | Path: /api/plans/selection
[2026-02-17T09:55:36.286Z] AUTH SUCCESS: Role: admin | Path: /api/salons/get
[2026-02-17T09:55:36.289Z] AUTH SUCCESS: Role: admin | Path: /api/plans
[2026-02-17T09:55:36.295Z] AUTH SUCCESS: Role: admin | Path: /api/plans/selection
[2026-02-17T09:55:42.416Z] AUTH SUCCESS: Role: admin | Path: /api/adminProfile/profile
[2026-02-17T09:55:42.422Z] AUTH SUCCESS: Role: admin | Path: /api/adminProfile/profile
[2026-02-17T09:58:14.623Z] AUTH SUCCESS: Role: admin | Path: /api/salons/get
[2026-02-17T09:58:14.625Z] AUTH SUCCESS: Role: admin | Path: /api/plans/selection
[2026-02-17T09:58:14.630Z] AUTH SUCCESS: Role: admin | Path: /api/salons/get
[2026-02-17T09:58:14.635Z] AUTH SUCCESS: Role: admin | Path: /api/plans/selection
[2026-02-17T09:58:15.595Z] AUTH SUCCESS: Role: admin | Path: /api/salons/get
[2026-02-17T09:58:15.597Z] AUTH SUCCESS: Role: admin | Path: /api/plans/selection
[2026-02-17T09:58:15.610Z] AUTH SUCCESS: Role: admin | Path: /api/salons/get
[2026-02-17T09:58:15.611Z] AUTH SUCCESS: Role: admin | Path: /api/plans/selection
[2026-02-17T11:05:14.778Z] AUTH SUCCESS: Role: admin | Path: /api/salons/get
[2026-02-17T11:05:14.783Z] AUTH SUCCESS: Role: admin | Path: /api/plans/selection
[2026-02-17T11:05:14.790Z] AUTH SUCCESS: Role: admin | Path: /api/salons/get
[2026-02-17T11:05:14.795Z] AUTH SUCCESS: Role: admin | Path: /api/salons/get
[2026-02-17T11:05:14.799Z] AUTH SUCCESS: Role: admin | Path: /api/plans/selection
[2026-02-17T11:05:14.802Z] AUTH SUCCESS: Role: admin | Path: /api/salons/get
[2026-02-17T16:35:15.691Z] AUTH SUCCESS: Role: admin | Path: /api/salons/get
[2026-02-17T16:35:15.751Z] AUTH SUCCESS: Role: admin | Path: /api/salons/get
[2026-02-17T16:35:25.228Z] AUTH SUCCESS: Role: admin | Path: /api/salons/get
[2026-02-17T16:35:25.229Z] AUTH SUCCESS: Role: admin | Path: /api/plans/selection
[2026-02-17T16:35:25.234Z] AUTH SUCCESS: Role: admin | Path: /api/salons/get
[2026-02-17T16:35:25.236Z] AUTH SUCCESS: Role: admin | Path: /api/plans
[2026-02-17T16:35:25.289Z] AUTH SUCCESS: Role: admin | Path: /api/plans
[2026-02-17T16:35:25.291Z] AUTH SUCCESS: Role: admin | Path: /api/plans/selection
[2026-02-17T17:03:21.085Z] AUTH SUCCESS: Role: admin | Path: /api/plans
[2026-02-17T17:03:21.103Z] AUTH SUCCESS: Role: admin | Path: /api/plans/selection
[2026-02-17T17:12:37.222Z] AUTH SUCCESS: Role: admin | Path: /api/plans/select
[2026-02-17T17:12:38.931Z] AUTH SUCCESS: Role: admin | Path: /api/plans/select
[2026-02-17T17:12:41.618Z] AUTH SUCCESS: Role: admin | Path: /api/plans/select
[2026-02-17T17:12:43.171Z] AUTH SUCCESS: Role: admin | Path: /api/plans/select
[2026-02-17T17:12:43.245Z] AUTH SUCCESS: Role: admin | Path: /api/plans/selection
[2026-02-17T17:12:45.587Z] AUTH SUCCESS: Role: admin | Path: /api/plans/select
[2026-02-17T17:12:45.609Z] AUTH SUCCESS: Role: admin | Path: /api/plans/selection
[2026-02-17T17:12:50.515Z] AUTH SUCCESS: Role: admin | Path: /api/plans/select
[2026-02-17T17:12:51.034Z] AUTH SUCCESS: Role: admin | Path: /api/plans/select
[2026-02-17T17:12:51.250Z] AUTH SUCCESS: Role: admin | Path: /api/plans/select
[2026-02-17T17:13:00.496Z] AUTH SUCCESS: Role: admin | Path: /api/salons/get
[2026-02-17T17:13:00.521Z] AUTH SUCCESS: Role: admin | Path: /api/salons/get
[2026-02-17T17:13:00.523Z] AUTH SUCCESS: Role: admin | Path: /api/plans
[2026-02-17T17:13:00.524Z] AUTH SUCCESS: Role: admin | Path: /api/plans/selection
[2026-02-17T17:13:00.603Z] AUTH SUCCESS: Role: admin | Path: /api/plans
[2026-02-17T17:13:00.616Z] AUTH SUCCESS: Role: admin | Path: /api/plans/selection
[2026-02-17T17:13:02.883Z] AUTH SUCCESS: Role: admin | Path: /api/plans/select
[2026-02-17T17:13:03.418Z] AUTH SUCCESS: Role: admin | Path: /api/plans/select
[2026-02-17T17:13:03.619Z] AUTH SUCCESS: Role: admin | Path: /api/plans/select
[2026-02-17T17:13:04.026Z] AUTH SUCCESS: Role: admin | Path: /api/plans/select
[2026-02-17T17:13:04.618Z] AUTH SUCCESS: Role: admin | Path: /api/plans/select
[2026-02-17T17:13:04.818Z] AUTH SUCCESS: Role: admin | Path: /api/plans/select
[2026-02-17T17:13:05.378Z] AUTH SUCCESS: Role: admin | Path: /api/plans/select
[2026-02-17T17:13:05.602Z] AUTH SUCCESS: Role: admin | Path: /api/plans/select
[2026-02-17T17:13:06.514Z] AUTH SUCCESS: Role: admin | Path: /api/plans/select
[2026-02-17T17:13:06.537Z] AUTH SUCCESS: Role: admin | Path: /api/plans/selection
[2026-02-17T17:13:07.394Z] AUTH SUCCESS: Role: admin | Path: /api/plans/select
[2026-02-17T17:13:07.416Z] AUTH SUCCESS: Role: admin | Path: /api/plans/selection
[2026-02-17T17:13:10.299Z] AUTH SUCCESS: Role: admin | Path: /api/plans/select
[2026-02-17T17:13:10.490Z] AUTH SUCCESS: Role: admin | Path: /api/plans/select
[2026-02-17T17:13:10.658Z] AUTH SUCCESS: Role: admin | Path: /api/plans/select
[2026-02-17T17:17:09.642Z] AUTH SUCCESS: Role: admin | Path: /api/plans
[2026-02-17T17:17:09.644Z] AUTH SUCCESS: Role: admin | Path: /api/plans/selection
[2026-02-17T17:18:32.394Z] AUTH SUCCESS: Role: admin | Path: /api/plans/select
[2026-02-17T17:18:33.368Z] AUTH SUCCESS: Role: admin | Path: /api/plans/select
[2026-02-17T17:18:33.689Z] AUTH SUCCESS: Role: admin | Path: /api/plans/select
[2026-02-17T17:18:33.920Z] AUTH SUCCESS: Role: admin | Path: /api/plans/select
[2026-02-17T17:18:34.865Z] AUTH SUCCESS: Role: admin | Path: /api/plans/select
[2026-02-17T17:18:34.896Z] AUTH SUCCESS: Role: admin | Path: /api/plans/selection
[2026-02-17T17:18:35.705Z] AUTH SUCCESS: Role: admin | Path: /api/plans/select
[2026-02-17T17:18:35.725Z] AUTH SUCCESS: Role: admin | Path: /api/plans/selection
[2026-02-17T17:18:36.473Z] AUTH SUCCESS: Role: admin | Path: /api/plans/select
[2026-02-17T17:18:36.497Z] AUTH SUCCESS: Role: admin | Path: /api/plans/selection
[2026-02-17T17:18:37.369Z] AUTH SUCCESS: Role: admin | Path: /api/plans/select
[2026-02-17T17:18:37.690Z] AUTH SUCCESS: Role: admin | Path: /api/plans/select
[2026-02-17T17:18:37.896Z] AUTH SUCCESS: Role: admin | Path: /api/plans/select
[2026-02-17T17:19:37.629Z] AUTH SUCCESS: Role: admin | Path: /api/plans/select
[2026-02-17T17:19:38.371Z] AUTH SUCCESS: Role: admin | Path: /api/plans/select
[2026-02-17T17:19:40.788Z] AUTH SUCCESS: Role: admin | Path: /api/plans/select
[2026-02-17T17:19:42.204Z] AUTH SUCCESS: Role: admin | Path: /api/plans/select
[2026-02-17T17:19:42.812Z] AUTH SUCCESS: Role: admin | Path: /api/plans/select
[2026-02-17T17:19:43.691Z] AUTH SUCCESS: Role: admin | Path: /api/plans/select
[2026-02-17T17:19:44.571Z] AUTH SUCCESS: Role: admin | Path: /api/plans/select
[2026-02-17T17:19:45.107Z] AUTH SUCCESS: Role: admin | Path: /api/plans/select
[2026-02-17T17:19:55.925Z] AUTH SUCCESS: Role: admin | Path: /api/salons/get
[2026-02-17T17:19:55.930Z] AUTH SUCCESS: Role: admin | Path: /api/plans
[2026-02-17T17:19:55.932Z] AUTH SUCCESS: Role: admin | Path: /api/plans/selection
[2026-02-17T17:19:55.935Z] AUTH SUCCESS: Role: admin | Path: /api/salons/get
[2026-02-17T17:19:55.940Z] AUTH SUCCESS: Role: admin | Path: /api/plans
[2026-02-17T17:19:55.970Z] AUTH SUCCESS: Role: admin | Path: /api/plans/selection
[2026-02-17T17:19:58.821Z] AUTH SUCCESS: Role: admin | Path: /api/plans/select
[2026-02-17T17:19:59.620Z] AUTH SUCCESS: Role: admin | Path: /api/plans/select
[2026-02-17T17:20:00.653Z] AUTH SUCCESS: Role: admin | Path: /api/plans/select
[2026-02-17T17:20:01.244Z] AUTH SUCCESS: Role: admin | Path: /api/plans/select
[2026-02-17T17:20:01.908Z] AUTH SUCCESS: Role: admin | Path: /api/plans/select
[2026-02-17T17:21:52.978Z] AUTH SUCCESS: Role: admin | Path: /api/salons/get
[2026-02-17T17:21:52.985Z] AUTH SUCCESS: Role: admin | Path: /api/salons/get
[2026-02-17T17:21:55.081Z] AUTH SUCCESS: Role: admin | Path: /api/plans
[2026-02-17T17:21:55.082Z] AUTH SUCCESS: Role: admin | Path: /api/plans/selection
[2026-02-17T17:21:55.088Z] AUTH SUCCESS: Role: admin | Path: /api/plans
[2026-02-17T17:21:55.101Z] AUTH SUCCESS: Role: admin | Path: /api/plans/selection
[2026-02-17T17:21:59.855Z] AUTH SUCCESS: Role: admin | Path: /api/appointments
[2026-02-17T17:21:59.901Z] AUTH SUCCESS: Role: admin | Path: /api/appointments
[2026-02-17T17:22:02.695Z] AUTH SUCCESS: Role: admin | Path: /api/appointments
[2026-02-17T17:22:02.702Z] AUTH SUCCESS: Role: admin | Path: /api/appointments
[2026-02-17T17:22:07.309Z] AUTH SUCCESS: Role: admin | Path: /api/plans
[2026-02-17T17:22:07.311Z] AUTH SUCCESS: Role: admin | Path: /api/plans/selection
[2026-02-17T17:22:07.318Z] AUTH SUCCESS: Role: admin | Path: /api/plans
[2026-02-17T17:22:07.339Z] AUTH SUCCESS: Role: admin | Path: /api/plans/selection
[2026-02-17T17:22:13.183Z] AUTH SUCCESS: Role: admin | Path: /api/plans
[2026-02-17T17:22:13.185Z] AUTH SUCCESS: Role: admin | Path: /api/plans/selection
[2026-02-17T17:22:13.190Z] AUTH SUCCESS: Role: admin | Path: /api/plans
[2026-02-17T17:22:13.201Z] AUTH SUCCESS: Role: admin | Path: /api/plans/selection
[2026-02-17T17:22:26.020Z] AUTH SUCCESS: Role: admin | Path: /api/plans
[2026-02-17T17:22:26.029Z] AUTH SUCCESS: Role: admin | Path: /api/plans/selection
[2026-02-17T17:22:46.454Z] AUTH SUCCESS: Role: admin | Path: /api/salons/get
[2026-02-17T17:22:46.479Z] AUTH SUCCESS: Role: admin | Path: /api/plans
[2026-02-17T17:22:46.480Z] AUTH SUCCESS: Role: admin | Path: /api/plans/selection
[2026-02-17T17:22:46.481Z] AUTH SUCCESS: Role: admin | Path: /api/salons/get
[2026-02-17T17:22:46.486Z] AUTH SUCCESS: Role: admin | Path: /api/plans
[2026-02-17T17:22:46.563Z] AUTH SUCCESS: Role: admin | Path: /api/plans/selection
[2026-02-17T17:22:48.396Z] AUTH SUCCESS: Role: admin | Path: /api/plans/select
[2026-02-17T17:22:49.491Z] AUTH SUCCESS: Role: admin | Path: /api/plans/select
[2026-02-17T17:22:50.195Z] AUTH SUCCESS: Role: admin | Path: /api/plans/select
[2026-02-17T17:22:50.499Z] AUTH SUCCESS: Role: admin | Path: /api/plans/select
[2026-02-17T17:22:50.690Z] AUTH SUCCESS: Role: admin | Path: /api/plans/select
[2026-02-17T17:22:50.867Z] AUTH SUCCESS: Role: admin | Path: /api/plans/select
[2026-02-17T17:22:51.067Z] AUTH SUCCESS: Role: admin | Path: /api/plans/select
[2026-02-17T17:22:51.259Z] AUTH SUCCESS: Role: admin | Path: /api/plans/select
[2026-02-17T17:22:52.347Z] AUTH SUCCESS: Role: admin | Path: /api/plans/select
[2026-02-17T17:22:52.555Z] AUTH SUCCESS: Role: admin | Path: /api/plans/select
[2026-02-17T17:22:52.811Z] AUTH SUCCESS: Role: admin | Path: /api/plans/select
[2026-02-17T17:22:53.436Z] AUTH SUCCESS: Role: admin | Path: /api/plans/select
[2026-02-17T17:22:54.187Z] AUTH SUCCESS: Role: admin | Path: /api/plans/select
[2026-02-17T17:22:54.747Z] AUTH SUCCESS: Role: admin | Path: /api/plans/select
[2026-02-17T17:22:55.675Z] AUTH SUCCESS: Role: admin | Path: /api/plans/select
[2026-02-17T17:22:56.195Z] AUTH SUCCESS: Role: admin | Path: /api/plans/select
[2026-02-17T17:22:56.411Z] AUTH SUCCESS: Role: admin | Path: /api/plans/select
[2026-02-17T17:22:56.627Z] AUTH SUCCESS: Role: admin | Path: /api/plans/select
[2026-02-17T17:22:56.859Z] AUTH SUCCESS: Role: admin | Path: /api/plans/select
[2026-02-17T17:22:57.075Z] AUTH SUCCESS: Role: admin | Path: /api/plans/select
[2026-02-17T17:22:57.275Z] AUTH SUCCESS: Role: admin | Path: /api/plans/select
[2026-02-17T17:22:57.466Z] AUTH SUCCESS: Role: admin | Path: /api/plans/select
[2026-02-17T17:22:57.699Z] AUTH SUCCESS: Role: admin | Path: /api/plans/select
[2026-02-17T17:22:57.915Z] AUTH SUCCESS: Role: admin | Path: /api/plans/select
[2026-02-17T17:22:58.131Z] AUTH SUCCESS: Role: admin | Path: /api/plans/select
[2026-02-17T17:22:58.315Z] AUTH SUCCESS: Role: admin | Path: /api/plans/select
[2026-02-17T17:22:59.076Z] AUTH SUCCESS: Role: admin | Path: /api/plans/select
[2026-02-17T17:22:59.110Z] AUTH SUCCESS: Role: admin | Path: /api/plans/selection
[2026-02-17T17:25:20.863Z] AUTH SUCCESS: Role: admin | Path: /api/salons/get
[2026-02-17T17:25:24.952Z] AUTH SUCCESS: Role: admin | Path: /api/plans
[2026-02-17T17:25:24.953Z] AUTH SUCCESS: Role: admin | Path: /api/plans/selection
[2026-02-17T17:25:24.959Z] AUTH SUCCESS: Role: admin | Path: /api/plans
[2026-02-17T17:25:24.965Z] AUTH SUCCESS: Role: admin | Path: /api/plans/selection
[2026-02-17T17:25:27.043Z] AUTH SUCCESS: Role: admin | Path: /api/plans/select
[2026-02-17T17:25:27.897Z] AUTH SUCCESS: Role: admin | Path: /api/plans/select
[2026-02-17T17:25:28.441Z] AUTH SUCCESS: Role: admin | Path: /api/plans/select
[2026-02-17T17:25:28.777Z] AUTH SUCCESS: Role: admin | Path: /api/plans/select
[2026-02-17T17:25:28.969Z] AUTH SUCCESS: Role: admin | Path: /api/plans/select
[2026-02-17T17:25:29.673Z] AUTH SUCCESS: Role: admin | Path: /api/plans/select
[2026-02-17T17:29:29.219Z] AUTH SUCCESS: Role: admin | Path: /api/salons/get
[2026-02-17T17:29:29.221Z] AUTH SUCCESS: Role: admin | Path: /api/plans
[2026-02-17T17:29:29.222Z] AUTH SUCCESS: Role: admin | Path: /api/plans/selection
[2026-02-17T17:29:29.228Z] AUTH SUCCESS: Role: admin | Path: /api/salons/get
[2026-02-17T17:29:29.231Z] AUTH SUCCESS: Role: admin | Path: /api/plans
[2026-02-17T17:29:29.236Z] AUTH SUCCESS: Role: admin | Path: /api/plans/selection
[2026-02-17T17:29:31.406Z] AUTH SUCCESS: Role: admin | Path: /api/plans/select
[2026-02-17T17:29:32.205Z] AUTH SUCCESS: Role: admin | Path: /api/plans/select
[2026-02-17T17:29:32.854Z] AUTH SUCCESS: Role: admin | Path: /api/plans/select
[2026-02-17T17:29:33.381Z] AUTH SUCCESS: Role: admin | Path: /api/plans/select
[2026-02-17T17:29:33.597Z] AUTH SUCCESS: Role: admin | Path: /api/plans/select
[2026-02-17T17:29:35.390Z] AUTH SUCCESS: Role: admin | Path: /api/plans/select
[2026-02-17T17:29:38.383Z] AUTH SUCCESS: Role: admin | Path: /api/plans/select
[2026-02-17T17:29:41.949Z] AUTH SUCCESS: Role: admin | Path: /api/plans/select
[2026-02-17T17:34:43.356Z] AUTH SUCCESS: Role: admin | Path: /api/salons/get
[2026-02-17T17:34:43.562Z] AUTH SUCCESS: Role: admin | Path: /api/plans
[2026-02-17T17:34:43.579Z] AUTH SUCCESS: Role: admin | Path: /api/plans/selection
[2026-02-17T17:34:43.593Z] AUTH SUCCESS: Role: admin | Path: /api/salons/get
[2026-02-17T17:34:43.600Z] AUTH SUCCESS: Role: admin | Path: /api/plans
[2026-02-17T17:34:43.640Z] AUTH SUCCESS: Role: admin | Path: /api/plans/selection
[2026-02-19T04:09:33.007Z] AUTH SUCCESS: Role: admin | Path: /api/salons/get
[2026-02-19T04:09:33.082Z] AUTH SUCCESS: Role: admin | Path: /api/salons/get
[2026-02-19T05:04:05.160Z] AUTH SUCCESS: Role: admin | Path: /api/salons/get
[2026-02-19T05:04:05.188Z] AUTH SUCCESS: Role: admin | Path: /api/salons/get
[2026-02-19T05:05:55.434Z] AUTH SUCCESS: Role: admin | Path: /api/salons/get
[2026-02-19T05:05:56.042Z] AUTH SUCCESS: Role: admin | Path: /api/salons/get
[2026-02-19T05:05:57.950Z] AUTH SUCCESS: Role: admin | Path: /api/plans
[2026-02-19T05:05:57.985Z] AUTH SUCCESS: Role: admin | Path: /api/plans
[2026-02-19T05:05:57.987Z] AUTH SUCCESS: Role: admin | Path: /api/plans/selection
[2026-02-19T05:05:58.014Z] AUTH SUCCESS: Role: admin | Path: /api/plans/selection
[2026-02-19T05:06:44.159Z] AUTH SUCCESS: Role: admin | Path: /api/plans
[2026-02-19T05:06:44.161Z] AUTH SUCCESS: Role: admin | Path: /api/plans/selection
[2026-02-19T05:06:44.163Z] AUTH SUCCESS: Role: admin | Path: /api/salons/get
[2026-02-19T05:06:44.245Z] AUTH SUCCESS: Role: admin | Path: /api/plans
[2026-02-19T05:06:44.247Z] AUTH SUCCESS: Role: admin | Path: /api/plans/selection
[2026-02-19T05:06:44.249Z] AUTH SUCCESS: Role: admin | Path: /api/salons/get
[2026-02-19T15:09:05.626Z] AUTH SUCCESS: Role: admin | Path: /api/salons/get
[2026-02-19T15:09:05.670Z] AUTH SUCCESS: Role: admin | Path: /api/salons/get
[2026-02-19T15:09:11.524Z] AUTH SUCCESS: Role: admin | Path: /api/plans/selection
[2026-02-19T15:09:11.527Z] AUTH SUCCESS: Role: admin | Path: /api/plans
[2026-02-19T15:09:11.537Z] AUTH SUCCESS: Role: admin | Path: /api/plans/selection
[2026-02-19T15:09:11.540Z] AUTH SUCCESS: Role: admin | Path: /api/plans
[2026-02-23T15:19:42.481Z] AUTH SUCCESS: Role: admin | Path: /api/salons/get
[2026-02-23T15:21:14.953Z] AUTH SUCCESS: Role: admin | Path: /api/salons/get
[2026-02-23T15:21:15.073Z] AUTH SUCCESS: Role: admin | Path: /api/plans/selection
[2026-02-23T15:21:15.088Z] AUTH SUCCESS: Role: admin | Path: /api/salons/get
[2026-02-23T15:43:50.409Z] AUTH SUCCESS: Role: admin | Path: /api/plans/selection
[2026-02-23T15:43:57.439Z] AUTH SUCCESS: Role: admin | Path: /api/plans/selection
[2026-02-23T15:46:12.887Z] AUTH SUCCESS: Role: admin | Path: /api/plans/selection
[2026-02-23T15:46:13.226Z] AUTH SUCCESS: Role: admin | Path: /api/plans/selection
[2026-02-23T15:46:17.816Z] AUTH SUCCESS: Role: admin | Path: /api/plans/selection
[2026-02-23T15:46:17.823Z] AUTH SUCCESS: Role: admin | Path: /api/plans/selection
[2026-02-23T15:46:55.596Z] AUTH SUCCESS: Role: admin | Path: /api/plans/selection
[2026-02-23T15:53:56.445Z] AUTH SUCCESS: Role: admin | Path: /api/plans/selection
[2026-02-23T15:53:56.470Z] AUTH SUCCESS: Role: admin | Path: /api/plans/selection
[2026-02-23T15:53:58.796Z] AUTH SUCCESS: Role: admin | Path: /api/plans/selection
[2026-02-23T15:56:58.058Z] AUTH SUCCESS: Role: admin | Path: /api/plans/selection
[2026-02-23T16:01:09.548Z] AUTH SUCCESS: Role: admin | Path: /api/plans/selection
[2026-02-23T16:03:04.255Z] AUTH SUCCESS: Role: admin | Path: /api/plans/selection
[2026-02-23T16:03:07.366Z] AUTH SUCCESS: Role: admin | Path: /api/plans/selection
[2026-02-23T16:03:12.509Z] AUTH SUCCESS: Role: admin | Path: /api/plans/selection
[2026-02-23T16:03:14.265Z] AUTH SUCCESS: Role: admin | Path: /api/plans/selection
[2026-02-23T16:15:02.398Z] AUTH SUCCESS: Role: admin | Path: /api/plans/selection
[2026-02-23T16:15:13.400Z] AUTH SUCCESS: Role: admin | Path: /api/plans/selection
[2026-02-23T16:21:38.029Z] AUTH FAILED: No token or Bearer header
[2026-02-23T17:38:36.983Z] AUTH SUCCESS: Role: customer | Path: /api/auth/customer/me
[2026-02-23T17:38:37.051Z] AUTH SUCCESS: Role: customer | Path: /api/auth/customer/me
[2026-02-23T17:38:39.605Z] AUTH SUCCESS: Role: customer | Path: /api/auth/customer/profile
[2026-02-23T17:38:43.045Z] AUTH SUCCESS: Role: customer | Path: /api/auth/customer/me
[2026-02-23T17:38:43.052Z] AUTH SUCCESS: Role: customer | Path: /api/auth/customer/me
[2026-02-23T17:38:44.241Z] AUTH SUCCESS: Role: customer | Path: /api/auth/customer/me
[2026-02-23T17:38:44.247Z] AUTH SUCCESS: Role: customer | Path: /api/auth/customer/me
[2026-02-23T17:38:45.249Z] AUTH SUCCESS: Role: customer | Path: /api/auth/customer/me
[2026-02-23T17:38:45.256Z] AUTH SUCCESS: Role: customer | Path: /api/auth/customer/me
[2026-02-23T17:38:46.358Z] AUTH SUCCESS: Role: customer | Path: /api/auth/customer/profile
[2026-02-23T17:41:40.056Z] AUTH SUCCESS: Role: customer | Path: /api/auth/customer/me
[2026-02-23T17:41:40.064Z] AUTH SUCCESS: Role: customer | Path: /api/auth/customer/me
[2026-02-23T17:44:25.496Z] AUTH SUCCESS: Role: customer | Path: /api/auth/customer/me
[2026-02-23T17:44:25.504Z] AUTH SUCCESS: Role: customer | Path: /api/auth/customer/me
[2026-02-23T17:44:28.968Z] AUTH SUCCESS: Role: customer | Path: /api/auth/customer/profile
[2026-02-23T17:51:32.499Z] AUTH SUCCESS: Role: customer | Path: /api/auth/customer/me
[2026-02-23T17:51:32.506Z] AUTH SUCCESS: Role: customer | Path: /api/auth/customer/me
[2026-02-23T17:51:33.953Z] AUTH SUCCESS: Role: customer | Path: /api/auth/customer/profile
[2026-02-23T17:51:35.540Z] AUTH SUCCESS: Role: customer | Path: /api/auth/customer/me
[2026-02-23T17:51:35.546Z] AUTH SUCCESS: Role: customer | Path: /api/auth/customer/me
[2026-02-23T17:55:51.291Z] AUTH SUCCESS: Role: customer | Path: /api/auth/customer/me
[2026-02-23T17:55:51.299Z] AUTH SUCCESS: Role: customer | Path: /api/auth/customer/me
[2026-02-23T17:59:22.859Z] AUTH SUCCESS: Role: customer | Path: /api/auth/customer/me
[2026-02-23T17:59:22.869Z] AUTH SUCCESS: Role: customer | Path: /api/auth/customer/me
[2026-02-24T10:49:40.116Z] AUTH SUCCESS: Role: admin | Path: /api/salons/get
[2026-02-24T10:49:40.206Z] AUTH SUCCESS: Role: admin | Path: /api/plans/selection
[2026-02-24T10:49:41.208Z] AUTH SUCCESS: Role: admin | Path: /api/expenses/summary?salonId=699d713d0fcb31598b6b315b
[2026-02-24T10:49:41.271Z] AUTH SUCCESS: Role: admin | Path: /api/expenses?salonId=699d713d0fcb31598b6b315b
[2026-02-24T10:49:41.277Z] AUTH SUCCESS: Role: admin | Path: /api/expenses/summary?salonId=699d713d0fcb31598b6b315b
[2026-02-24T10:49:41.279Z] AUTH SUCCESS: Role: admin | Path: /api/expenses?salonId=699d713d0fcb31598b6b315b
[2026-02-24T10:49:48.692Z] AUTH SUCCESS: Role: admin | Path: /api/expenses/summary?salonId=699d713d0fcb31598b6b315b
[2026-02-24T10:49:48.694Z] AUTH SUCCESS: Role: admin | Path: /api/expenses?salonId=699d713d0fcb31598b6b315b
[2026-02-24T10:49:48.701Z] AUTH SUCCESS: Role: admin | Path: /api/expenses/summary?salonId=699d713d0fcb31598b6b315b
[2026-02-24T10:49:48.703Z] AUTH SUCCESS: Role: admin | Path: /api/expenses?salonId=699d713d0fcb31598b6b315b
[2026-02-24T10:49:50.100Z] AUTH SUCCESS: Role: admin | Path: /api/expenses/summary?salonId=699d713d0fcb31598b6b315b
[2026-02-24T10:49:50.102Z] AUTH SUCCESS: Role: admin | Path: /api/expenses?salonId=699d713d0fcb31598b6b315b
[2026-02-24T10:49:50.108Z] AUTH SUCCESS: Role: admin | Path: /api/expenses/summary?salonId=699d713d0fcb31598b6b315b
[2026-02-24T10:49:50.110Z] AUTH SUCCESS: Role: admin | Path: /api/expenses?salonId=699d713d0fcb31598b6b315b
[2026-02-24T10:49:53.967Z] AUTH SUCCESS: Role: admin | Path: /api/expenses/summary?salonId=699d713d0fcb31598b6b315c
[2026-02-24T10:49:53.971Z] AUTH SUCCESS: Role: admin | Path: /api/expenses?salonId=699d713d0fcb31598b6b315c
[2026-02-24T10:49:53.980Z] AUTH SUCCESS: Role: admin | Path: /api/expenses/summary?salonId=699d713d0fcb31598b6b315c
[2026-02-24T10:49:53.982Z] AUTH SUCCESS: Role: admin | Path: /api/expenses?salonId=699d713d0fcb31598b6b315c
[2026-02-24T17:44:55.223Z] AUTH FAILED: No token or Bearer header
